<?xml version="1.0" encoding="UTF-8"?>
<beans xmlns="http://www.springframework.org/schema/beans"
	xmlns:xsi="http://www.w3.org/2001/XMLSchema-instance"
	xsi:schemaLocation="http://www.springframework.org/schema/beans 
						http://www.springframework.org/schema/beans/spring-beans-3.0.xsd">

	<bean id="connectionMaker" class="com.test.tobyspring.Dao.DConnectionMaker" />
	<bean id="userDao" class="com.test.tobyspring.Dao.UserDao">
		<property name="connectionMaker" ref="connectionMaker" />
	</bean>
	
	<bean id="dataSource" class="org.springframework.jdbc.datasource.SimpleDriverDataSource">
		<property name="driverClass" value="com.mysql.jdbc.Driver"/>
		<property name="url" value="jdbc:mysql://localhost/toby"/>
		<property name="username" value="root"/>
		<property name="password" value="rhantls"/>
	</bean>
</beans>